<?xml version="1.0" encoding="UTF-8"?>
<!-- Generated by org.testng.reporters.JUnitXMLReporter -->
<testsuite hostname="DESKTOP-0MIMBQV" ignored="0" name="Default test" tests="3" failures="0" timestamp="05 May 2020 10:50:47 GMT" time="17.647" errors="0">
  <testcase name="newRole" time="6.756" classname="com.Ebanking.Master.Roleng"/>
  <testcase name="newRole" time="4.337" classname="com.Ebanking.Master.Roleng"/>
  <testcase name="newRole" time="4.403" classname="com.Ebanking.Master.Roleng"/>
</testsuite> <!-- Default test -->
