<?xml version="1.0" encoding="UTF-8"?>
<testng-results skipped="0" failed="0" ignored="8" total="17" passed="9">
  <reporter-output>
  </reporter-output>
  <suite name="Suite" duration-ms="38867" started-at="2020-05-05T10:53:10Z" finished-at="2020-05-05T10:53:48Z">
    <groups>
    </groups>
    <test name="Test" duration-ms="38867" started-at="2020-05-05T10:53:10Z" finished-at="2020-05-05T10:53:48Z">
      <class name="com.Ebanking.Master.Roleng">
        <test-method status="PASS" signature="newRole(java.lang.String, java.lang.String)[pri:0, instance:com.Ebanking.Master.Roleng@63440df3]" name="newRole" duration-ms="4568" started-at="2020-05-05T10:53:20Z" data-provider="Rdata" finished-at="2020-05-05T10:53:25Z">
          <params>
            <param index="0">
              <value>
                <![CDATA[jdsgkjhf]]>
              </value>
            </param>
            <param index="1">
              <value>
                <![CDATA[E]]>
              </value>
            </param>
          </params>
          <reporter-output>
          </reporter-output>
        </test-method> <!-- newRole -->
        <test-method status="PASS" signature="newRole(java.lang.String, java.lang.String)[pri:0, instance:com.Ebanking.Master.Roleng@63440df3]" name="newRole" duration-ms="4274" started-at="2020-05-05T10:53:25Z" data-provider="Rdata" finished-at="2020-05-05T10:53:29Z">
          <params>
            <param index="0">
              <value>
                <![CDATA[jdfkjhf]]>
              </value>
            </param>
            <param index="1">
              <value>
                <![CDATA[E]]>
              </value>
            </param>
          </params>
          <reporter-output>
          </reporter-output>
        </test-method> <!-- newRole -->
        <test-method status="PASS" signature="newRole(java.lang.String, java.lang.String)[pri:0, instance:com.Ebanking.Master.Roleng@63440df3]" name="newRole" duration-ms="4254" started-at="2020-05-05T10:53:29Z" data-provider="Rdata" finished-at="2020-05-05T10:53:33Z">
          <params>
            <param index="0">
              <value>
                <![CDATA[jdsrrrgkjhf]]>
              </value>
            </param>
            <param index="1">
              <value>
                <![CDATA[E]]>
              </value>
            </param>
          </params>
          <reporter-output>
          </reporter-output>
        </test-method> <!-- newRole -->
      </class> <!-- com.Ebanking.Master.Roleng -->
      <class name="com.Ebanking.Master.Employeeng">
        <test-method status="PASS" signature="newemp(java.lang.String, java.lang.String, java.lang.String, java.lang.String)[pri:0, instance:com.Ebanking.Master.Employeeng@3aeaafa6]" name="newemp" duration-ms="4940" started-at="2020-05-05T10:53:33Z" data-provider="Edata" finished-at="2020-05-05T10:53:38Z">
          <params>
            <param index="0">
              <value>
                <![CDATA[jdsgkjhf]]>
              </value>
            </param>
            <param index="1">
              <value>
                <![CDATA[kjhdfkj]]>
              </value>
            </param>
            <param index="2">
              <value>
                <![CDATA[kamal]]>
              </value>
            </param>
            <param index="3">
              <value>
                <![CDATA[1]]>
              </value>
            </param>
          </params>
          <reporter-output>
          </reporter-output>
        </test-method> <!-- newemp -->
        <test-method status="PASS" signature="newemp(java.lang.String, java.lang.String, java.lang.String, java.lang.String)[pri:0, instance:com.Ebanking.Master.Employeeng@3aeaafa6]" name="newemp" duration-ms="4940" started-at="2020-05-05T10:53:38Z" data-provider="Edata" finished-at="2020-05-05T10:53:43Z">
          <params>
            <param index="0">
              <value>
                <![CDATA[jdsgkvfjhf]]>
              </value>
            </param>
            <param index="1">
              <value>
                <![CDATA[kjhdfkj]]>
              </value>
            </param>
            <param index="2">
              <value>
                <![CDATA[kamal]]>
              </value>
            </param>
            <param index="3">
              <value>
                <![CDATA[abc]]>
              </value>
            </param>
          </params>
          <reporter-output>
          </reporter-output>
        </test-method> <!-- newemp -->
        <test-method status="PASS" signature="newemp(java.lang.String, java.lang.String, java.lang.String, java.lang.String)[pri:0, instance:com.Ebanking.Master.Employeeng@3aeaafa6]" name="newemp" duration-ms="5038" started-at="2020-05-05T10:53:43Z" data-provider="Edata" finished-at="2020-05-05T10:53:48Z">
          <params>
            <param index="0">
              <value>
                <![CDATA[jdrrsgkjhf]]>
              </value>
            </param>
            <param index="1">
              <value>
                <![CDATA[kjhdfkj]]>
              </value>
            </param>
            <param index="2">
              <value>
                <![CDATA[kamal]]>
              </value>
            </param>
            <param index="3">
              <value>
                <![CDATA[123456789]]>
              </value>
            </param>
          </params>
          <reporter-output>
          </reporter-output>
        </test-method> <!-- newemp -->
      </class> <!-- com.Ebanking.Master.Employeeng -->
      <class name="com.Ebanking.Master.Branchng">
        <test-method status="PASS" signature="beforeSuite()[pri:0, instance:com.Ebanking.Master.Branchng@77f99a05]" name="beforeSuite" is-config="true" duration-ms="28659" started-at="2020-05-05T10:52:41Z" finished-at="2020-05-05T10:53:10Z">
          <reporter-output>
          </reporter-output>
        </test-method> <!-- beforeSuite -->
        <test-method status="PASS" signature="beforeTest()[pri:0, instance:com.Ebanking.Master.Branchng@77f99a05]" name="beforeTest" is-config="true" duration-ms="786" started-at="2020-05-05T10:53:10Z" finished-at="2020-05-05T10:53:10Z">
          <reporter-output>
          </reporter-output>
        </test-method> <!-- beforeTest -->
        <test-method status="PASS" signature="newBranch(java.lang.String, java.lang.String, java.lang.String, java.lang.String, java.lang.String, java.lang.String)[pri:0, instance:com.Ebanking.Master.Branchng@77f99a05]" name="newBranch" duration-ms="3809" started-at="2020-05-05T10:53:10Z" data-provider="Bdata" finished-at="2020-05-05T10:53:14Z">
          <params>
            <param index="0">
              <value>
                <![CDATA[jdsgkjhf]]>
              </value>
            </param>
            <param index="1">
              <value>
                <![CDATA[kjhdfkj]]>
              </value>
            </param>
            <param index="2">
              <value>
                <![CDATA[12345]]>
              </value>
            </param>
            <param index="3">
              <value>
                <![CDATA[INDIA]]>
              </value>
            </param>
            <param index="4">
              <value>
                <![CDATA[GOA]]>
              </value>
            </param>
            <param index="5">
              <value>
                <![CDATA[GOA]]>
              </value>
            </param>
          </params>
          <reporter-output>
          </reporter-output>
        </test-method> <!-- newBranch -->
        <test-method status="PASS" signature="newBranch(java.lang.String, java.lang.String, java.lang.String, java.lang.String, java.lang.String, java.lang.String)[pri:0, instance:com.Ebanking.Master.Branchng@77f99a05]" name="newBranch" duration-ms="3172" started-at="2020-05-05T10:53:14Z" data-provider="Bdata" finished-at="2020-05-05T10:53:17Z">
          <params>
            <param index="0">
              <value>
                <![CDATA[jdsgkvfjhf]]>
              </value>
            </param>
            <param index="1">
              <value>
                <![CDATA[kjhdfkj]]>
              </value>
            </param>
            <param index="2">
              <value>
                <![CDATA[12345]]>
              </value>
            </param>
            <param index="3">
              <value>
                <![CDATA[INDIA]]>
              </value>
            </param>
            <param index="4">
              <value>
                <![CDATA[GOA]]>
              </value>
            </param>
            <param index="5">
              <value>
                <![CDATA[GOA]]>
              </value>
            </param>
          </params>
          <reporter-output>
          </reporter-output>
        </test-method> <!-- newBranch -->
        <test-method status="PASS" signature="newBranch(java.lang.String, java.lang.String, java.lang.String, java.lang.String, java.lang.String, java.lang.String)[pri:0, instance:com.Ebanking.Master.Branchng@77f99a05]" name="newBranch" duration-ms="2752" started-at="2020-05-05T10:53:17Z" data-provider="Bdata" finished-at="2020-05-05T10:53:20Z">
          <params>
            <param index="0">
              <value>
                <![CDATA[jdrrsgkjhf]]>
              </value>
            </param>
            <param index="1">
              <value>
                <![CDATA[kjhdfkj]]>
              </value>
            </param>
            <param index="2">
              <value>
                <![CDATA[12345]]>
              </value>
            </param>
            <param index="3">
              <value>
                <![CDATA[INDIA]]>
              </value>
            </param>
            <param index="4">
              <value>
                <![CDATA[GOA]]>
              </value>
            </param>
            <param index="5">
              <value>
                <![CDATA[GOA]]>
              </value>
            </param>
          </params>
          <reporter-output>
          </reporter-output>
        </test-method> <!-- newBranch -->
        <test-method status="PASS" signature="afterTest()[pri:0, instance:com.Ebanking.Master.Branchng@77f99a05]" name="afterTest" is-config="true" duration-ms="246" started-at="2020-05-05T10:53:48Z" finished-at="2020-05-05T10:53:48Z">
          <reporter-output>
          </reporter-output>
        </test-method> <!-- afterTest -->
        <test-method status="PASS" signature="afterSuite()[pri:0, instance:com.Ebanking.Master.Branchng@77f99a05]" name="afterSuite" is-config="true" duration-ms="4389" started-at="2020-05-05T10:53:48Z" finished-at="2020-05-05T10:53:53Z">
          <reporter-output>
          </reporter-output>
        </test-method> <!-- afterSuite -->
      </class> <!-- com.Ebanking.Master.Branchng -->
    </test> <!-- Test -->
  </suite> <!-- Suite -->
</testng-results>
