<?xml version="1.0" encoding="UTF-8"?>
<!-- Generated by org.testng.reporters.JUnitXMLReporter -->
<testsuite hostname="DESKTOP-0MIMBQV" ignored="0" name="Test" tests="3" failures="0" timestamp="05 May 2020 20:02:41 GMT" time="71.667" errors="0">
  <testcase name="rndHPLogin" time="23.052" classname="com.Ebanking.Master.ExePomBranch"/>
  <testcase name="rndHPLogin" time="23.769" classname="com.Ebanking.Master.ExePomRoles"/>
  <testcase name="rndHPLogin" time="24.796" classname="com.Ebanking.Master.ExePomEmployee"/>
</testsuite> <!-- Test -->
