<?xml version="1.0" encoding="UTF-8"?>
<!-- Generated by org.testng.reporters.JUnitXMLReporter -->
<testsuite hostname="DESKTOP-0MIMBQV" ignored="8" name="Test" tests="9" failures="0" timestamp="05 May 2020 10:53:48 GMT" time="38.867" errors="0">
  <testcase name="newBranch" time="3.809" classname="com.Ebanking.Master.Branchng"/>
  <testcase name="newBranch" time="3.172" classname="com.Ebanking.Master.Branchng"/>
  <testcase name="newBranch" time="2.752" classname="com.Ebanking.Master.Branchng"/>
  <testcase name="newRole" time="4.568" classname="com.Ebanking.Master.Roleng"/>
  <testcase name="newRole" time="4.274" classname="com.Ebanking.Master.Roleng"/>
  <testcase name="newRole" time="4.254" classname="com.Ebanking.Master.Roleng"/>
  <testcase name="newemp" time="4.94" classname="com.Ebanking.Master.Employeeng"/>
  <testcase name="newemp" time="4.94" classname="com.Ebanking.Master.Employeeng"/>
  <testcase name="newemp" time="5.038" classname="com.Ebanking.Master.Employeeng"/>
  <testcase name="@AfterTest afterTest" time="0.0" classname="com.Ebanking.Master.Base">
    <ignored/>
  </testcase> <!-- @AfterTest afterTest -->
  <testcase name="@AfterTest afterTest" time="0.0" classname="com.Ebanking.Master.Base">
    <ignored/>
  </testcase> <!-- @AfterTest afterTest -->
  <testcase name="@AfterSuite afterSuite" time="0.0" classname="com.Ebanking.Master.Base">
    <ignored/>
  </testcase> <!-- @AfterSuite afterSuite -->
  <testcase name="@AfterSuite afterSuite" time="0.0" classname="com.Ebanking.Master.Base">
    <ignored/>
  </testcase> <!-- @AfterSuite afterSuite -->
  <testcase name="@BeforeTest beforeTest" time="0.0" classname="com.Ebanking.Master.Base">
    <ignored/>
  </testcase> <!-- @BeforeTest beforeTest -->
  <testcase name="@BeforeTest beforeTest" time="0.0" classname="com.Ebanking.Master.Base">
    <ignored/>
  </testcase> <!-- @BeforeTest beforeTest -->
  <testcase name="@BeforeSuite beforeSuite" time="0.0" classname="com.Ebanking.Master.Base">
    <ignored/>
  </testcase> <!-- @BeforeSuite beforeSuite -->
  <testcase name="@BeforeSuite beforeSuite" time="0.0" classname="com.Ebanking.Master.Base">
    <ignored/>
  </testcase> <!-- @BeforeSuite beforeSuite -->
</testsuite> <!-- Test -->
